2024.01.09 18:10:57 INFO  Started: Metals version 1.2.0 in folders '/home/jsilveira/Desktop/FSCompose' for client Visual Studio Code 1.85.1.[0m
2024.01.09 18:10:59 WARN  Build server is not auto-connectable.[0m
2024.01.09 18:10:59 WARN  no build tool detected in workspace '/home/jsilveira/Desktop/FSCompose'. The most common cause for this problem is that the editor was opened in the wrong working directory, for example if you use sbt then the workspace directory should contain build.sbt. [0m
2024.01.09 18:10:59 WARN  no build target for: /home/jsilveira/Desktop/FSCompose/payload-example/arduino-nano/payload-nano.scala[0m
2024.01.09 18:11:06 INFO  no build target found for /home/jsilveira/Desktop/FSCompose/payload-example/arduino-nano/payload-nano.scala. Using presentation compiler with project's scala-library version: 3.3.1[0m
Jan 09, 2024 6:11:06 PM org.eclipse.lsp4j.jsonrpc.RemoteEndpoint handleCancellation
WARNING: Unmatched cancel notification for request id 2
2024.01.09 18:11:11 INFO  time: code lens generation in 4.73s[0m
2024.01.09 18:11:16 WARN  no build target for: /home/jsilveira/Desktop/FSCompose/payload-example/arduino-nano/payload-nano.scala[0m
2024.01.09 18:13:48 WARN  no build target for: /home/jsilveira/Desktop/FSCompose/payload-example/arduino-nano/payload-nano.scala[0m
2024.01.09 18:13:53 WARN  no build target for: /home/jsilveira/Desktop/FSCompose/payload-example/arduino-nano/payload-nano.scala[0m
2024.01.09 18:14:59 WARN  Could not find semantic tokens for: file:///home/jsilveira/Desktop/FSCompose/payload-example/arduino-nano/payload-nano.scala[0m
2024.01.09 18:15:33 INFO  Shutting down server[0m
2024.01.09 18:15:33 INFO  shutting down Metals[0m
2024.01.09 18:15:33 INFO  Exiting server[0m
2024.01.09 18:15:48 INFO  Started: Metals version 1.2.0 in folders '/home/jsilveira/Desktop/FSCompose, /home/jsilveira/Desktop/FSCompose/payload-example/arduino-nano/scala' for client Visual Studio Code 1.85.1.[0m
2024.01.09 18:15:50 WARN  Build server is not auto-connectable.[0m
2024.01.09 18:15:50 WARN  no build tool detected in workspace '/home/jsilveira/Desktop/FSCompose'. The most common cause for this problem is that the editor was opened in the wrong working directory, for example if you use sbt then the workspace directory should contain build.sbt. [0m
2024.01.09 18:15:50 WARN  no build target for: /home/jsilveira/Desktop/FSCompose/payload-example/arduino-nano/payload-nano.scala[0m
2024.01.09 18:15:54 INFO  no build target found for /home/jsilveira/Desktop/FSCompose/payload-example/arduino-nano/payload-nano.scala. Using presentation compiler with project's scala-library version: 3.3.1[0m
2024.01.09 18:15:56 WARN  Could not find semantic tokens for: file:///home/jsilveira/Desktop/FSCompose/payload-example/arduino-nano/payload-nano.scala[0m
2024.01.09 18:15:57 INFO  time: code lens generation in 6.31s[0m
2024.01.09 18:15:57 INFO  time: code lens generation in 6.34s[0m
2024.01.09 18:15:57 WARN  Could not find semantic tokens for: file:///home/jsilveira/Desktop/FSCompose/payload-example/arduino-nano/payload-nano.scala[0m
2024.01.09 18:17:22 WARN  no build target for: /home/jsilveira/Desktop/FSCompose/payload-example/arduino-nano/scala/build.sbt[0m
2024.01.09 18:17:22 WARN  Could not find semantic tokens for: file:///home/jsilveira/Desktop/FSCompose/payload-example/arduino-nano/scala/build.sbt[0m
2024.01.09 18:17:22 WARN  Could not find semantic tokens for: file:///home/jsilveira/Desktop/FSCompose/payload-example/arduino-nano/scala/build.sbt[0m
2024.01.09 18:17:24 WARN  no build target for: /home/jsilveira/Desktop/FSCompose/payload-example/arduino-nano/scala/payload-nano.scala[0m
2024.01.09 18:17:24 WARN  Could not find semantic tokens for: file:///home/jsilveira/Desktop/FSCompose/payload-example/arduino-nano/scala/build.sbt[0m
2024.01.09 18:17:29 WARN  Could not find semantic tokens for: file:///home/jsilveira/Desktop/FSCompose/payload-example/arduino-nano/scala/build.sbt[0m
2024.01.09 18:17:32 WARN  no build target for: /home/jsilveira/Desktop/FSCompose/payload-example/arduino-nano/scala/build.sbt[0m
2024.01.09 18:17:32 WARN  Could not find semantic tokens for: file:///home/jsilveira/Desktop/FSCompose/payload-example/arduino-nano/scala/build.sbt[0m
2024.01.09 18:17:37 WARN  Could not find semantic tokens for: file:///home/jsilveira/Desktop/FSCompose/payload-example/arduino-nano/scala/build.sbt[0m
2024.01.09 18:17:39 WARN  Could not find semantic tokens for: file:///home/jsilveira/Desktop/FSCompose/payload-example/arduino-nano/scala/payload-nano.scala[0m
2024.01.09 18:17:39 WARN  no build target for: /home/jsilveira/Desktop/FSCompose/payload-example/arduino-nano/scala/payload-nano.scala[0m
2024.01.09 18:18:51 WARN  no build target for: /home/jsilveira/Desktop/FSCompose/payload-example/arduino-nano/scala/payload-nano.scala[0m
2024.01.09 18:18:56 WARN  no build target for: /home/jsilveira/Desktop/FSCompose/payload-example/arduino-nano/scala/payload-nano.scala[0m
2024.01.09 18:18:58 WARN  no build target for: /home/jsilveira/Desktop/FSCompose/payload-example/arduino-nano/scala/payload-nano.scala[0m
2024.01.09 18:19:00 WARN  no build target for: /home/jsilveira/Desktop/FSCompose/payload-example/arduino-nano/scala/payload-nano.scala[0m
Jan 09, 2024 6:20:56 PM org.eclipse.lsp4j.jsonrpc.RemoteEndpoint handleCancellation
WARNING: Unmatched cancel notification for request id 158
2024.01.09 18:21:05 WARN  no build target for: /home/jsilveira/Desktop/FSCompose/payload-example/arduino-nano/scala/payload-nano.scala[0m
2024.01.09 18:21:15 WARN  no build target for: /home/jsilveira/Desktop/FSCompose/payload-example/arduino-nano/scala/payload-nano.scala[0m
2024.01.09 18:21:26 WARN  no build target for: /home/jsilveira/Desktop/FSCompose/payload-example/arduino-nano/scala/payload-nano.scala[0m
2024.01.09 18:22:04 WARN  no build target for: /home/jsilveira/Desktop/FSCompose/payload-example/arduino-nano/scala/payload-nano.scala[0m
